{"/Users/anna/Documents/carat-client-2.0/www/js/index.js":{"path":"/Users/anna/Documents/carat-client-2.0/www/js/index.js","s":{"1":1,"2":0,"3":0,"4":0,"5":0,"6":0,"7":0,"8":0,"9":0,"10":0,"11":0,"12":0,"13":0,"14":0},"b":{"1":[0,0]},"f":{"1":0,"2":0,"3":0,"4":0,"5":0},"fnMap":{"1":{"name":"(anonymous_1)","line":21,"loc":{"start":{"line":21,"column":16},"end":{"line":21,"column":27}}},"2":{"name":"(anonymous_2)","line":29,"loc":{"start":{"line":29,"column":16},"end":{"line":29,"column":27}}},"3":{"name":"(anonymous_3)","line":37,"loc":{"start":{"line":37,"column":19},"end":{"line":37,"column":39}}},"4":{"name":"(anonymous_4)","line":41,"loc":{"start":{"line":41,"column":20},"end":{"line":41,"column":33}}},"5":{"name":"(anonymous_5)","line":50,"loc":{"start":{"line":50,"column":19},"end":{"line":50,"column":32}}}},"statementMap":{"1":{"start":{"line":19,"column":0},"end":{"line":53,"column":2}},"2":{"start":{"line":22,"column":8},"end":{"line":22,"column":36}},"3":{"start":{"line":23,"column":8},"end":{"line":23,"column":26}},"4":{"start":{"line":30,"column":8},"end":{"line":30,"column":43}},"5":{"start":{"line":31,"column":8},"end":{"line":31,"column":76}},"6":{"start":{"line":38,"column":2},"end":{"line":40,"column":4}},"7":{"start":{"line":39,"column":3},"end":{"line":39,"column":21}},"8":{"start":{"line":41,"column":8},"end":{"line":43,"column":9}},"9":{"start":{"line":42,"column":12},"end":{"line":42,"column":67}},"10":{"start":{"line":44,"column":8},"end":{"line":44,"column":39}},"11":{"start":{"line":45,"column":8},"end":{"line":45,"column":41}},"12":{"start":{"line":46,"column":8},"end":{"line":46,"column":42}},"13":{"start":{"line":47,"column":8},"end":{"line":47,"column":45}},"14":{"start":{"line":51,"column":8},"end":{"line":51,"column":45}}},"branchMap":{"1":{"line":38,"type":"if","locations":[{"start":{"line":38,"column":2},"end":{"line":38,"column":2}},{"start":{"line":38,"column":2},"end":{"line":38,"column":2}}]}}}}