{"/Users/anna/Documents/carat-client-2.0/www/js/pan_swipe.js":{"path":"/Users/anna/Documents/carat-client-2.0/www/js/pan_swipe.js","s":{"1":1,"2":0,"3":0,"4":0,"5":0,"6":0,"7":0,"8":0,"9":0,"10":0,"11":0,"12":0,"13":0,"14":0,"15":0,"16":0,"17":0,"18":0,"19":0,"20":0,"21":0,"22":0,"23":0,"24":0,"25":0,"26":0,"27":0,"28":0,"29":0,"30":0,"31":0,"32":0,"33":0,"34":0,"35":0,"36":0,"37":0,"38":0,"39":0,"40":0,"41":0,"42":0,"43":0,"44":0,"45":0,"46":0,"47":0,"48":0,"49":0,"50":1,"51":1,"52":0,"53":0,"54":0,"55":1},"b":{"1":[0,0],"2":[0,0],"3":[0,0],"4":[0,0],"5":[0,0],"6":[0,0],"7":[0,0]},"f":{"1":0,"2":0,"3":0,"4":0,"5":0,"6":0,"7":0,"8":0,"9":0,"10":0,"11":0,"12":1},"fnMap":{"1":{"name":"makeElemPanSwipable","line":2,"loc":{"start":{"line":2,"column":0},"end":{"line":2,"column":33}}},"2":{"name":"(anonymous_2)","line":3,"loc":{"start":{"line":3,"column":29},"end":{"line":3,"column":41}}},"3":{"name":"(anonymous_3)","line":5,"loc":{"start":{"line":5,"column":15},"end":{"line":5,"column":35}}},"4":{"name":"(anonymous_4)","line":16,"loc":{"start":{"line":16,"column":23},"end":{"line":16,"column":34}}},"5":{"name":"(anonymous_5)","line":31,"loc":{"start":{"line":31,"column":33},"end":{"line":31,"column":44}}},"6":{"name":"(anonymous_6)","line":44,"loc":{"start":{"line":44,"column":31},"end":{"line":44,"column":42}}},"7":{"name":"(anonymous_7)","line":50,"loc":{"start":{"line":50,"column":19},"end":{"line":50,"column":33}}},"8":{"name":"(anonymous_8)","line":53,"loc":{"start":{"line":53,"column":16},"end":{"line":53,"column":29}}},"9":{"name":"(anonymous_9)","line":65,"loc":{"start":{"line":65,"column":18},"end":{"line":65,"column":31}}},"10":{"name":"(anonymous_10)","line":69,"loc":{"start":{"line":69,"column":27},"end":{"line":69,"column":39}}},"11":{"name":"(anonymous_11)","line":83,"loc":{"start":{"line":83,"column":26},"end":{"line":83,"column":39}}},"12":{"name":"selectPanSwipable","line":90,"loc":{"start":{"line":90,"column":0},"end":{"line":90,"column":38}}}},"statementMap":{"1":{"start":{"line":2,"column":0},"end":{"line":89,"column":1}},"2":{"start":{"line":3,"column":4},"end":{"line":8,"column":9}},"3":{"start":{"line":4,"column":8},"end":{"line":7,"column":14}},"4":{"start":{"line":6,"column":16},"end":{"line":6,"column":55}},"5":{"start":{"line":9,"column":4},"end":{"line":9,"column":20}},"6":{"start":{"line":10,"column":4},"end":{"line":10,"column":20}},"7":{"start":{"line":11,"column":4},"end":{"line":11,"column":24}},"8":{"start":{"line":12,"column":4},"end":{"line":12,"column":18}},"9":{"start":{"line":13,"column":4},"end":{"line":13,"column":14}},"10":{"start":{"line":14,"column":4},"end":{"line":14,"column":62}},"11":{"start":{"line":16,"column":4},"end":{"line":29,"column":5}},"12":{"start":{"line":17,"column":8},"end":{"line":19,"column":9}},"13":{"start":{"line":18,"column":12},"end":{"line":18,"column":42}},"14":{"start":{"line":20,"column":8},"end":{"line":27,"column":10}},"15":{"start":{"line":28,"column":8},"end":{"line":28,"column":31}},"16":{"start":{"line":31,"column":4},"end":{"line":43,"column":5}},"17":{"start":{"line":33,"column":8},"end":{"line":37,"column":10}},"18":{"start":{"line":38,"column":8},"end":{"line":38,"column":32}},"19":{"start":{"line":39,"column":8},"end":{"line":39,"column":41}},"20":{"start":{"line":40,"column":8},"end":{"line":40,"column":38}},"21":{"start":{"line":41,"column":8},"end":{"line":41,"column":35}},"22":{"start":{"line":42,"column":8},"end":{"line":42,"column":24}},"23":{"start":{"line":44,"column":4},"end":{"line":49,"column":5}},"24":{"start":{"line":45,"column":8},"end":{"line":48,"column":9}},"25":{"start":{"line":46,"column":12},"end":{"line":46,"column":54}},"26":{"start":{"line":47,"column":12},"end":{"line":47,"column":27}},"27":{"start":{"line":50,"column":4},"end":{"line":52,"column":5}},"28":{"start":{"line":53,"column":4},"end":{"line":63,"column":5}},"29":{"start":{"line":54,"column":8},"end":{"line":56,"column":9}},"30":{"start":{"line":55,"column":12},"end":{"line":55,"column":45}},"31":{"start":{"line":57,"column":8},"end":{"line":60,"column":10}},"32":{"start":{"line":61,"column":8},"end":{"line":61,"column":31}},"33":{"start":{"line":62,"column":8},"end":{"line":62,"column":26}},"34":{"start":{"line":65,"column":4},"end":{"line":75,"column":5}},"35":{"start":{"line":66,"column":8},"end":{"line":66,"column":76}},"36":{"start":{"line":68,"column":8},"end":{"line":68,"column":28}},"37":{"start":{"line":69,"column":8},"end":{"line":71,"column":16}},"38":{"start":{"line":70,"column":12},"end":{"line":70,"column":27}},"39":{"start":{"line":72,"column":8},"end":{"line":72,"column":31}},"40":{"start":{"line":73,"column":8},"end":{"line":73,"column":26}},"41":{"start":{"line":74,"column":8},"end":{"line":74,"column":32}},"42":{"start":{"line":78,"column":4},"end":{"line":78,"column":58}},"43":{"start":{"line":79,"column":4},"end":{"line":79,"column":60}},"44":{"start":{"line":80,"column":4},"end":{"line":80,"column":37}},"45":{"start":{"line":81,"column":4},"end":{"line":81,"column":28}},"46":{"start":{"line":83,"column":4},"end":{"line":87,"column":7}},"47":{"start":{"line":84,"column":8},"end":{"line":86,"column":9}},"48":{"start":{"line":85,"column":12},"end":{"line":85,"column":27}},"49":{"start":{"line":88,"column":4},"end":{"line":88,"column":19}},"50":{"start":{"line":90,"column":0},"end":{"line":103,"column":1}},"51":{"start":{"line":96,"column":4},"end":{"line":96,"column":53}},"52":{"start":{"line":98,"column":4},"end":{"line":102,"column":5}},"53":{"start":{"line":99,"column":8},"end":{"line":101,"column":9}},"54":{"start":{"line":100,"column":12},"end":{"line":100,"column":42}},"55":{"start":{"line":107,"column":0},"end":{"line":107,"column":31}}},"branchMap":{"1":{"line":4,"type":"binary-expr","locations":[{"start":{"line":4,"column":15},"end":{"line":4,"column":71}},{"start":{"line":5,"column":15},"end":{"line":7,"column":13}}]},"2":{"line":17,"type":"if","locations":[{"start":{"line":17,"column":8},"end":{"line":17,"column":8}},{"start":{"line":17,"column":8},"end":{"line":17,"column":8}}]},"3":{"line":45,"type":"if","locations":[{"start":{"line":45,"column":8},"end":{"line":45,"column":8}},{"start":{"line":45,"column":8},"end":{"line":45,"column":8}}]},"4":{"line":54,"type":"if","locations":[{"start":{"line":54,"column":8},"end":{"line":54,"column":8}},{"start":{"line":54,"column":8},"end":{"line":54,"column":8}}]},"5":{"line":66,"type":"cond-expr","locations":[{"start":{"line":66,"column":70},"end":{"line":66,"column":71}},{"start":{"line":66,"column":74},"end":{"line":66,"column":75}}]},"6":{"line":84,"type":"if","locations":[{"start":{"line":84,"column":8},"end":{"line":84,"column":8}},{"start":{"line":84,"column":8},"end":{"line":84,"column":8}}]},"7":{"line":98,"type":"if","locations":[{"start":{"line":98,"column":4},"end":{"line":98,"column":4}},{"start":{"line":98,"column":4},"end":{"line":98,"column":4}}]}}}}