{"/Users/anna/Documents/carat-client-2.0/www/spec/index.js":{"path":"/Users/anna/Documents/carat-client-2.0/www/spec/index.js","s":{"1":1,"2":0,"3":0,"4":0,"5":0,"6":0,"7":0,"8":0,"9":0,"10":0,"11":0,"12":0,"13":0,"14":0,"15":0,"16":0,"17":0,"18":0,"19":0,"20":0,"21":0,"22":0,"23":0,"24":0,"25":0,"26":0,"27":0,"28":0},"b":{},"f":{"1":0,"2":0,"3":0,"4":0,"5":0,"6":0,"7":0,"8":0,"9":0,"10":0,"11":0,"12":0},"fnMap":{"1":{"name":"(anonymous_1)","line":19,"loc":{"start":{"line":19,"column":16},"end":{"line":19,"column":27}}},"2":{"name":"(anonymous_2)","line":20,"loc":{"start":{"line":20,"column":27},"end":{"line":20,"column":38}}},"3":{"name":"(anonymous_3)","line":21,"loc":{"start":{"line":21,"column":38},"end":{"line":21,"column":49}}},"4":{"name":"(anonymous_4)","line":22,"loc":{"start":{"line":22,"column":17},"end":{"line":22,"column":28}}},"5":{"name":"(anonymous_5)","line":28,"loc":{"start":{"line":28,"column":21},"end":{"line":28,"column":32}}},"6":{"name":"(anonymous_6)","line":32,"loc":{"start":{"line":32,"column":17},"end":{"line":32,"column":28}}},"7":{"name":"(anonymous_7)","line":38,"loc":{"start":{"line":38,"column":30},"end":{"line":38,"column":41}}},"8":{"name":"(anonymous_8)","line":39,"loc":{"start":{"line":39,"column":42},"end":{"line":39,"column":53}}},"9":{"name":"(anonymous_9)","line":46,"loc":{"start":{"line":46,"column":30},"end":{"line":46,"column":41}}},"10":{"name":"(anonymous_10)","line":47,"loc":{"start":{"line":47,"column":19},"end":{"line":47,"column":30}}},"11":{"name":"(anonymous_11)","line":55,"loc":{"start":{"line":55,"column":48},"end":{"line":55,"column":59}}},"12":{"name":"(anonymous_12)","line":61,"loc":{"start":{"line":61,"column":47},"end":{"line":61,"column":58}}}},"statementMap":{"1":{"start":{"line":19,"column":0},"end":{"line":67,"column":3}},"2":{"start":{"line":20,"column":4},"end":{"line":36,"column":7}},"3":{"start":{"line":21,"column":8},"end":{"line":35,"column":11}},"4":{"start":{"line":22,"column":12},"end":{"line":26,"column":15}},"5":{"start":{"line":23,"column":16},"end":{"line":23,"column":44}},"6":{"start":{"line":24,"column":16},"end":{"line":24,"column":33}},"7":{"start":{"line":25,"column":16},"end":{"line":25,"column":63}},"8":{"start":{"line":28,"column":12},"end":{"line":30,"column":59}},"9":{"start":{"line":29,"column":16},"end":{"line":29,"column":60}},"10":{"start":{"line":32,"column":12},"end":{"line":34,"column":15}},"11":{"start":{"line":33,"column":16},"end":{"line":33,"column":61}},"12":{"start":{"line":38,"column":4},"end":{"line":44,"column":7}},"13":{"start":{"line":39,"column":8},"end":{"line":43,"column":11}},"14":{"start":{"line":40,"column":12},"end":{"line":40,"column":40}},"15":{"start":{"line":41,"column":12},"end":{"line":41,"column":32}},"16":{"start":{"line":42,"column":12},"end":{"line":42,"column":74}},"17":{"start":{"line":46,"column":4},"end":{"line":66,"column":7}},"18":{"start":{"line":47,"column":8},"end":{"line":53,"column":11}},"19":{"start":{"line":48,"column":12},"end":{"line":48,"column":54}},"20":{"start":{"line":49,"column":12},"end":{"line":52,"column":49}},"21":{"start":{"line":55,"column":8},"end":{"line":59,"column":11}},"22":{"start":{"line":56,"column":12},"end":{"line":56,"column":45}},"23":{"start":{"line":57,"column":12},"end":{"line":57,"column":93}},"24":{"start":{"line":58,"column":12},"end":{"line":58,"column":49}},"25":{"start":{"line":61,"column":8},"end":{"line":65,"column":11}},"26":{"start":{"line":62,"column":12},"end":{"line":62,"column":45}},"27":{"start":{"line":63,"column":12},"end":{"line":63,"column":92}},"28":{"start":{"line":64,"column":12},"end":{"line":64,"column":50}}},"branchMap":{}}}