{"/Users/anna/Documents/carat-client-2.0/www/spec/pan_swipe.js":{"path":"/Users/anna/Documents/carat-client-2.0/www/spec/pan_swipe.js","s":{"1":1,"2":0,"3":0,"4":0,"5":0,"6":0,"7":0},"b":{},"f":{"1":0,"2":0,"3":0},"fnMap":{"1":{"name":"(anonymous_1)","line":1,"loc":{"start":{"line":1,"column":30},"end":{"line":1,"column":41}}},"2":{"name":"(anonymous_2)","line":2,"loc":{"start":{"line":2,"column":33},"end":{"line":2,"column":44}}},"3":{"name":"(anonymous_3)","line":3,"loc":{"start":{"line":3,"column":50},"end":{"line":3,"column":61}}}},"statementMap":{"1":{"start":{"line":1,"column":0},"end":{"line":17,"column":5}},"2":{"start":{"line":2,"column":1},"end":{"line":9,"column":4}},"3":{"start":{"line":3,"column":2},"end":{"line":8,"column":5}},"4":{"start":{"line":4,"column":3},"end":{"line":4,"column":63}},"5":{"start":{"line":5,"column":3},"end":{"line":5,"column":60}},"6":{"start":{"line":6,"column":3},"end":{"line":6,"column":42}},"7":{"start":{"line":7,"column":3},"end":{"line":7,"column":78}}},"branchMap":{}}}